[2026-02-24 00:51:03] **********************************************************************
[2026-02-24 00:51:03] ** Started: target\release\twincle.exe --exp 10
[2026-02-24 00:51:03] **********************************************************************
[2026-02-24 00:51:04] CPU: 12th Gen Intel(R) Core(TM) i9-12900K [16c24t]
[2026-02-24 00:51:04] RAM: 127.75 GB (101.67 GB available)
[2026-02-24 00:51:04] GPU 0: NVIDIA GeForce RTX 4070 (12.0 GB VRAM)
[2026-02-24 00:51:04] Testing M=30030: 1485 residues, 9591 base primes
[2026-02-24 00:51:04] Running final search with M=30030...
[2026-02-24 00:51:04] Wheel-missed small twin pairs: 3 (sum contribution: 1.044022644022644)
[2026-02-24 00:51:04] PROGRESS seg 1/1 | twins=58,977 | B2_partial≈0.694334399895 | 2.77e6 cand/s | ETA 3.0 min
[2026-02-24 00:51:05] PROGRESS seg 13/1 | twins=555,371 | B2_partial≈0.716806821491 | 6.12e6 cand/s | ETA 1.3 min
[2026-02-24 00:51:05] PROGRESS seg 26/1 | twins=1,026,579 | B2_partial≈0.721853006771 | 1.02e7 cand/s | ETA 0.8 min
[2026-02-24 00:51:05] PROGRESS seg 39/1 | twins=1,474,063 | B2_partial≈0.724648682445 | 1.42e7 cand/s | ETA 0.6 min
[2026-02-24 00:51:05] PROGRESS seg 52/1 | twins=1,905,747 | B2_partial≈0.726560735091 | 1.78e7 cand/s | ETA 0.4 min
[2026-02-24 00:51:05] PROGRESS seg 65/1 | twins=2,327,134 | B2_partial≈0.728008043635 | 2.10e7 cand/s | ETA 0.4 min
[2026-02-24 00:51:05] PROGRESS seg 78/1 | twins=2,740,085 | B2_partial≈0.729166729893 | 2.37e7 cand/s | ETA 0.3 min
[2026-02-24 00:51:06] PROGRESS seg 91/1 | twins=3,146,427 | B2_partial≈0.730130474809 | 2.61e7 cand/s | ETA 0.3 min
[2026-02-24 00:51:06] PROGRESS seg 104/1 | twins=3,547,162 | B2_partial≈0.730953856234 | 2.80e7 cand/s | ETA 0.3 min
[2026-02-24 00:51:06] PROGRESS seg 117/1 | twins=3,942,977 | B2_partial≈0.731671177538 | 2.97e7 cand/s | ETA 0.2 min
[2026-02-24 00:51:06] PROGRESS seg 130/1 | twins=4,334,379 | B2_partial≈0.732305703537 | 3.11e7 cand/s | ETA 0.2 min
[2026-02-24 00:51:06] PROGRESS seg 143/1 | twins=4,722,073 | B2_partial≈0.732874213674 | 3.23e7 cand/s | ETA 0.2 min
[2026-02-24 00:51:06] PROGRESS seg 156/1 | twins=5,105,898 | B2_partial≈0.733388076551 | 3.33e7 cand/s | ETA 0.2 min
[2026-02-24 00:51:06] PROGRESS seg 169/1 | twins=5,487,518 | B2_partial≈0.733858048616 | 3.41e7 cand/s | ETA 0.2 min
[2026-02-24 00:51:07] PROGRESS seg 182/1 | twins=5,866,921 | B2_partial≈0.734290615104 | 3.48e7 cand/s | ETA 0.2 min
[2026-02-24 00:51:07] PROGRESS seg 195/1 | twins=6,244,251 | B2_partial≈0.734691148564 | 3.54e7 cand/s | ETA 0.2 min
[2026-02-24 00:51:07] PROGRESS seg 208/1 | twins=6,617,683 | B2_partial≈0.735061937066 | 3.59e7 cand/s | ETA 0.2 min
[2026-02-24 00:51:07] PROGRESS seg 221/1 | twins=6,989,219 | B2_partial≈0.735408468670 | 3.64e7 cand/s | ETA 0.2 min
[2026-02-24 00:51:07] PROGRESS seg 234/1 | twins=7,358,749 | B2_partial≈0.735733435653 | 3.67e7 cand/s | ETA 0.2 min
[2026-02-24 00:51:07] PROGRESS seg 247/1 | twins=7,726,363 | B2_partial≈0.736039223851 | 3.70e7 cand/s | ETA 0.2 min
[2026-02-24 00:51:08] PROGRESS seg 260/1 | twins=8,092,864 | B2_partial≈0.736328443380 | 3.73e7 cand/s | ETA 0.2 min
[2026-02-24 00:51:08] PROGRESS seg 273/1 | twins=8,457,113 | B2_partial≈0.736601862165 | 3.76e7 cand/s | ETA 0.2 min
[2026-02-24 00:51:08] PROGRESS seg 286/1 | twins=8,820,627 | B2_partial≈0.736862024567 | 3.78e7 cand/s | ETA 0.2 min
[2026-02-24 00:51:08] PROGRESS seg 299/1 | twins=9,182,316 | B2_partial≈0.737109379822 | 3.80e7 cand/s | ETA 0.2 min
[2026-02-24 00:51:08] PROGRESS seg 312/1 | twins=9,542,462 | B2_partial≈0.737345197434 | 3.81e7 cand/s | ETA 0.1 min
[2026-02-24 00:51:08] PROGRESS seg 325/1 | twins=9,900,787 | B2_partial≈0.737570238941 | 3.83e7 cand/s | ETA 0.1 min
[2026-02-24 00:51:09] PROGRESS seg 338/1 | twins=10,258,069 | B2_partial≈0.737785825826 | 3.84e7 cand/s | ETA 0.1 min
[2026-02-24 00:51:09] PROGRESS seg 351/1 | twins=10,614,178 | B2_partial≈0.737992591735 | 3.85e7 cand/s | ETA 0.1 min
[2026-02-24 00:51:09] PROGRESS seg 364/1 | twins=10,968,660 | B2_partial≈0.738190927504 | 3.86e7 cand/s | ETA 0.1 min
[2026-02-24 00:51:09] PROGRESS seg 377/1 | twins=11,322,121 | B2_partial≈0.738381750722 | 3.87e7 cand/s | ETA 0.1 min
[2026-02-24 00:51:09] PROGRESS seg 390/1 | twins=11,674,137 | B2_partial≈0.738565348192 | 3.88e7 cand/s | ETA 0.1 min
[2026-02-24 00:51:09] PROGRESS seg 403/1 | twins=12,025,376 | B2_partial≈0.738742536790 | 3.89e7 cand/s | ETA 0.1 min
[2026-02-24 00:51:10] PROGRESS seg 416/1 | twins=12,376,341 | B2_partial≈0.738913962766 | 3.89e7 cand/s | ETA 0.1 min
[2026-02-24 00:51:10] PROGRESS seg 429/1 | twins=12,726,285 | B2_partial≈0.739079631199 | 3.90e7 cand/s | ETA 0.1 min
[2026-02-24 00:51:10] PROGRESS seg 442/1 | twins=13,074,268 | B2_partial≈0.739239454397 | 3.90e7 cand/s | ETA 0.1 min
[2026-02-24 00:51:10] PROGRESS seg 455/1 | twins=13,421,664 | B2_partial≈0.739394380143 | 3.91e7 cand/s | ETA 0.1 min
[2026-02-24 00:51:10] PROGRESS seg 468/1 | twins=13,767,801 | B2_partial≈0.739544395418 | 3.91e7 cand/s | ETA 0.1 min
[2026-02-24 00:51:10] PROGRESS seg 481/1 | twins=14,113,670 | B2_partial≈0.739690189300 | 3.92e7 cand/s | ETA 0.1 min
[2026-02-24 00:51:10] PROGRESS seg 494/1 | twins=14,459,379 | B2_partial≈0.739832027979 | 3.92e7 cand/s | ETA 0.1 min
[2026-02-24 00:51:11] PROGRESS seg 507/1 | twins=14,804,008 | B2_partial≈0.739969748739 | 3.93e7 cand/s | ETA 0.1 min
[2026-02-24 00:51:11] PROGRESS seg 520/1 | twins=15,147,848 | B2_partial≈0.740103678803 | 3.93e7 cand/s | ETA 0.1 min
[2026-02-24 00:51:11] PROGRESS seg 533/1 | twins=15,490,365 | B2_partial≈0.740233798722 | 3.93e7 cand/s | ETA 0.1 min
[2026-02-24 00:51:11] PROGRESS seg 546/1 | twins=15,832,033 | B2_partial≈0.740360466640 | 3.94e7 cand/s | ETA 0.1 min
[2026-02-24 00:51:11] PROGRESS seg 559/1 | twins=16,173,155 | B2_partial≈0.740483956668 | 3.94e7 cand/s | ETA 0.1 min
[2026-02-24 00:51:11] PROGRESS seg 572/1 | twins=16,514,116 | B2_partial≈0.740604551118 | 3.94e7 cand/s | ETA 0.1 min
[2026-02-24 00:51:12] PROGRESS seg 585/1 | twins=16,853,229 | B2_partial≈0.740721796297 | 3.95e7 cand/s | ETA 0.1 min
[2026-02-24 00:51:12] PROGRESS seg 598/1 | twins=17,191,851 | B2_partial≈0.740836299084 | 3.95e7 cand/s | ETA 0.1 min
[2026-02-24 00:51:12] PROGRESS seg 611/1 | twins=17,530,518 | B2_partial≈0.740948352853 | 3.95e7 cand/s | ETA 0.1 min
[2026-02-24 00:51:12] PROGRESS seg 624/1 | twins=17,868,415 | B2_partial≈0.741057797574 | 3.95e7 cand/s | ETA 0.1 min
[2026-02-24 00:51:12] PROGRESS seg 637/1 | twins=18,205,999 | B2_partial≈0.741164885723 | 3.96e7 cand/s | ETA 0.1 min
[2026-02-24 00:51:12] PROGRESS seg 650/1 | twins=18,542,426 | B2_partial≈0.741269449584 | 3.96e7 cand/s | ETA 0.1 min
[2026-02-24 00:51:13] PROGRESS seg 663/1 | twins=18,877,190 | B2_partial≈0.741371436161 | 3.96e7 cand/s | ETA 0.1 min
[2026-02-24 00:51:13] PROGRESS seg 676/1 | twins=19,212,759 | B2_partial≈0.741471685215 | 3.96e7 cand/s | ETA 0.1 min
[2026-02-24 00:51:13] PROGRESS seg 689/1 | twins=19,547,351 | B2_partial≈0.741569736351 | 3.97e7 cand/s | ETA 0.1 min
[2026-02-24 00:51:13] PROGRESS seg 702/1 | twins=19,881,665 | B2_partial≈0.741665874957 | 3.97e7 cand/s | ETA 0.1 min
[2026-02-24 00:51:13] PROGRESS seg 715/1 | twins=20,215,538 | B2_partial≈0.741760126720 | 3.97e7 cand/s | ETA 0.1 min
[2026-02-24 00:51:13] PROGRESS seg 728/1 | twins=20,548,786 | B2_partial≈0.741852506876 | 3.97e7 cand/s | ETA 0.1 min
[2026-02-24 00:51:13] PROGRESS seg 741/1 | twins=20,881,108 | B2_partial≈0.741942998676 | 3.97e7 cand/s | ETA 0.1 min
[2026-02-24 00:51:14] PROGRESS seg 754/1 | twins=21,212,642 | B2_partial≈0.742031705649 | 3.97e7 cand/s | ETA 0.1 min
[2026-02-24 00:51:14] PROGRESS seg 767/1 | twins=21,543,864 | B2_partial≈0.742118814110 | 3.98e7 cand/s | ETA 0.0 min
[2026-02-24 00:51:14] PROGRESS seg 780/1 | twins=21,875,328 | B2_partial≈0.742204522389 | 3.98e7 cand/s | ETA 0.0 min
[2026-02-24 00:51:14] PROGRESS seg 793/1 | twins=22,206,087 | B2_partial≈0.742288633744 | 3.98e7 cand/s | ETA 0.0 min
[2026-02-24 00:51:14] PROGRESS seg 806/1 | twins=22,536,414 | B2_partial≈0.742371269473 | 3.98e7 cand/s | ETA 0.0 min
[2026-02-24 00:51:14] PROGRESS seg 819/1 | twins=22,866,220 | B2_partial≈0.742452454509 | 3.98e7 cand/s | ETA 0.0 min
[2026-02-24 00:51:15] PROGRESS seg 832/1 | twins=23,196,261 | B2_partial≈0.742532418478 | 3.98e7 cand/s | ETA 0.0 min
[2026-02-24 00:51:15] PROGRESS seg 845/1 | twins=23,525,095 | B2_partial≈0.742610853725 | 3.98e7 cand/s | ETA 0.0 min
[2026-02-24 00:51:15] PROGRESS seg 858/1 | twins=23,853,711 | B2_partial≈0.742688040888 | 3.98e7 cand/s | ETA 0.0 min
[2026-02-24 00:51:15] PROGRESS seg 871/1 | twins=24,181,118 | B2_partial≈0.742763787260 | 3.99e7 cand/s | ETA 0.0 min
[2026-02-24 00:51:15] PROGRESS seg 884/1 | twins=24,508,695 | B2_partial≈0.742838449605 | 3.99e7 cand/s | ETA 0.0 min
[2026-02-24 00:51:15] PROGRESS seg 897/1 | twins=24,835,653 | B2_partial≈0.742911884398 | 3.99e7 cand/s | ETA 0.0 min
[2026-02-24 00:51:16] PROGRESS seg 910/1 | twins=25,162,431 | B2_partial≈0.742984221966 | 3.99e7 cand/s | ETA 0.0 min
[2026-02-24 00:51:16] PROGRESS seg 923/1 | twins=25,488,397 | B2_partial≈0.743055355991 | 3.99e7 cand/s | ETA 0.0 min
[2026-02-24 00:51:16] PROGRESS seg 936/1 | twins=25,814,531 | B2_partial≈0.743125531371 | 3.99e7 cand/s | ETA 0.0 min
[2026-02-24 00:51:16] PROGRESS seg 949/1 | twins=26,140,235 | B2_partial≈0.743194647277 | 3.99e7 cand/s | ETA 0.0 min
[2026-02-24 00:51:16] PROGRESS seg 962/1 | twins=26,464,908 | B2_partial≈0.743262607406 | 3.99e7 cand/s | ETA 0.0 min
[2026-02-24 00:51:16] PROGRESS seg 975/1 | twins=26,789,547 | B2_partial≈0.743329648235 | 3.99e7 cand/s | ETA 0.0 min
[2026-02-24 00:51:16] PROGRESS seg 988/1 | twins=27,113,604 | B2_partial≈0.743395681972 | 3.99e7 cand/s | ETA 0.0 min
[2026-02-24 00:51:17] PROGRESS seg 1,001/1 | twins=27,412,676 | B2_partial≈0.743455858697 | 3.99e7 cand/s | ETA 0.0 min
[2026-02-24 00:51:17] Done. gpus=1, twins=27,412,679
[2026-02-24 00:51:17] Brun partial sum up to 10000000000: 1.787478502719242
[2026-02-24 00:51:17] Brun extrapolated  B2* (HL):    1.902160356233452
[2026-02-24 00:51:17] Elapsed: 12.41s
[2026-02-26 00:55:52] **********************************************************************
[2026-02-26 00:55:52] ** Started: target\release\twincle.exe --exp 10
[2026-02-26 00:55:52] **********************************************************************
[2026-02-26 00:55:53] CPU: 12th Gen Intel(R) Core(TM) i9-12900K [16c24t]
[2026-02-26 00:55:53] RAM: 127.75 GB (103.16 GB available)
[2026-02-26 00:55:53] GPU 0: NVIDIA GeForce RTX 4070 (12.0 GB VRAM)
[2026-02-26 00:55:53] Testing M=30030: 1485 residues, 9591 base primes
[2026-02-26 00:55:53] Running final search with M=30030...
[2026-02-26 00:55:53] Wheel-missed small twin pairs: 3 (sum contribution: 1.04402264402264411)
[2026-02-26 00:55:54] PROGRESS seg 1/1 | twins=58,977 | B2_partial≈0.694334399895 | 2.81e6 cand/s | ETA 2.9 min
[2026-02-26 00:55:54] PROGRESS seg 14/1 | twins=593,170 | B2_partial≈0.717367057491 | 6.37e6 cand/s | ETA 1.3 min
[2026-02-26 00:55:54] PROGRESS seg 27/1 | twins=1,061,740 | B2_partial≈0.722118437496 | 1.05e7 cand/s | ETA 0.8 min
[2026-02-26 00:55:54] PROGRESS seg 40/1 | twins=1,507,727 | B2_partial≈0.724819144721 | 1.46e7 cand/s | ETA 0.5 min
[2026-02-26 00:55:54] PROGRESS seg 53/1 | twins=1,938,554 | B2_partial≈0.726685716281 | 1.83e7 cand/s | ETA 0.4 min
[2026-02-26 00:55:54] PROGRESS seg 66/1 | twins=2,359,260 | B2_partial≈0.728106140802 | 2.15e7 cand/s | ETA 0.4 min
[2026-02-26 00:55:55] PROGRESS seg 79/1 | twins=2,771,403 | B2_partial≈0.729246523376 | 2.43e7 cand/s | ETA 0.3 min
[2026-02-26 00:55:55] PROGRESS seg 92/1 | twins=3,177,497 | B2_partial≈0.730198388466 | 2.67e7 cand/s | ETA 0.3 min
[2026-02-26 00:55:55] PROGRESS seg 105/1 | twins=3,577,752 | B2_partial≈0.731012402756 | 2.87e7 cand/s | ETA 0.3 min
[2026-02-26 00:55:55] PROGRESS seg 118/1 | twins=3,973,308 | B2_partial≈0.731722805103 | 3.04e7 cand/s | ETA 0.2 min
[2026-02-26 00:55:55] PROGRESS seg 131/1 | twins=4,364,360 | B2_partial≈0.732351651240 | 3.19e7 cand/s | ETA 0.2 min
[2026-02-26 00:55:55] PROGRESS seg 144/1 | twins=4,751,864 | B2_partial≈0.732915734348 | 3.31e7 cand/s | ETA 0.2 min
[2026-02-26 00:55:56] PROGRESS seg 157/1 | twins=5,135,245 | B2_partial≈0.733425580492 | 3.42e7 cand/s | ETA 0.2 min
[2026-02-26 00:55:56] PROGRESS seg 170/1 | twins=5,516,425 | B2_partial≈0.733892157203 | 3.51e7 cand/s | ETA 0.2 min
[2026-02-26 00:55:56] PROGRESS seg 183/1 | twins=5,896,065 | B2_partial≈0.734322553947 | 3.58e7 cand/s | ETA 0.2 min
[2026-02-26 00:55:56] PROGRESS seg 196/1 | twins=6,272,797 | B2_partial≈0.734720351789 | 3.64e7 cand/s | ETA 0.2 min
[2026-02-26 00:55:56] PROGRESS seg 209/1 | twins=6,646,451 | B2_partial≈0.735089532429 | 3.70e7 cand/s | ETA 0.2 min
[2026-02-26 00:55:56] PROGRESS seg 222/1 | twins=7,017,788 | B2_partial≈0.735434264565 | 3.74e7 cand/s | ETA 0.2 min
[2026-02-26 00:55:56] PROGRESS seg 235/1 | twins=7,387,007 | B2_partial≈0.735757536386 | 3.78e7 cand/s | ETA 0.2 min
[2026-02-26 00:55:57] PROGRESS seg 248/1 | twins=7,754,520 | B2_partial≈0.736061977134 | 3.81e7 cand/s | ETA 0.2 min
[2026-02-26 00:55:57] PROGRESS seg 261/1 | twins=8,120,859 | B2_partial≈0.736349936777 | 3.84e7 cand/s | ETA 0.2 min
[2026-02-26 00:55:57] PROGRESS seg 274/1 | twins=8,484,912 | B2_partial≈0.736622190607 | 3.87e7 cand/s | ETA 0.2 min
[2026-02-26 00:55:57] PROGRESS seg 287/1 | twins=8,848,476 | B2_partial≈0.736881465471 | 3.89e7 cand/s | ETA 0.2 min
[2026-02-26 00:55:57] PROGRESS seg 300/1 | twins=9,210,129 | B2_partial≈0.737127952819 | 3.91e7 cand/s | ETA 0.1 min
[2026-02-26 00:55:57] PROGRESS seg 313/1 | twins=9,570,201 | B2_partial≈0.737362950482 | 3.92e7 cand/s | ETA 0.1 min
[2026-02-26 00:55:58] PROGRESS seg 326/1 | twins=9,928,539 | B2_partial≈0.737587290797 | 3.94e7 cand/s | ETA 0.1 min
[2026-02-26 00:55:58] PROGRESS seg 339/1 | twins=10,285,721 | B2_partial≈0.737802163787 | 3.95e7 cand/s | ETA 0.1 min
[2026-02-26 00:55:58] PROGRESS seg 352/1 | twins=10,641,473 | B2_partial≈0.738008122356 | 3.96e7 cand/s | ETA 0.1 min
[2026-02-26 00:55:58] PROGRESS seg 365/1 | twins=10,996,022 | B2_partial≈0.738205940903 | 3.97e7 cand/s | ETA 0.1 min
[2026-02-26 00:55:58] PROGRESS seg 378/1 | twins=11,349,148 | B2_partial≈0.738396069708 | 3.98e7 cand/s | ETA 0.1 min
[2026-02-26 00:55:58] PROGRESS seg 391/1 | twins=11,701,297 | B2_partial≈0.738579258603 | 3.99e7 cand/s | ETA 0.1 min
[2026-02-26 00:55:58] PROGRESS seg 404/1 | twins=12,052,363 | B2_partial≈0.738755913283 | 3.99e7 cand/s | ETA 0.1 min
[2026-02-26 00:55:59] PROGRESS seg 417/1 | twins=12,403,203 | B2_partial≈0.738926861733 | 4.00e7 cand/s | ETA 0.1 min
[2026-02-26 00:55:59] PROGRESS seg 430/1 | twins=12,752,976 | B2_partial≈0.739092060097 | 4.01e7 cand/s | ETA 0.1 min
[2026-02-26 00:55:59] PROGRESS seg 443/1 | twins=13,101,037 | B2_partial≈0.739251553428 | 4.01e7 cand/s | ETA 0.1 min
[2026-02-26 00:55:59] PROGRESS seg 456/1 | twins=13,448,314 | B2_partial≈0.739406081588 | 4.02e7 cand/s | ETA 0.1 min
[2026-02-26 00:55:59] PROGRESS seg 469/1 | twins=13,794,672 | B2_partial≈0.739555866528 | 4.02e7 cand/s | ETA 0.1 min
[2026-02-26 00:55:59] PROGRESS seg 482/1 | twins=14,140,444 | B2_partial≈0.739701310384 | 4.03e7 cand/s | ETA 0.1 min
[2026-02-26 00:56:00] PROGRESS seg 495/1 | twins=14,485,813 | B2_partial≈0.739842719220 | 4.03e7 cand/s | ETA 0.1 min
[2026-02-26 00:56:00] PROGRESS seg 508/1 | twins=14,830,586 | B2_partial≈0.739980222869 | 4.03e7 cand/s | ETA 0.1 min
[2026-02-26 00:56:00] PROGRESS seg 521/1 | twins=15,174,387 | B2_partial≈0.740113876309 | 4.04e7 cand/s | ETA 0.1 min
[2026-02-26 00:56:00] PROGRESS seg 534/1 | twins=15,516,724 | B2_partial≈0.740243680292 | 4.04e7 cand/s | ETA 0.1 min
[2026-02-26 00:56:00] PROGRESS seg 547/1 | twins=15,858,236 | B2_partial≈0.740370056053 | 4.05e7 cand/s | ETA 0.1 min
[2026-02-26 00:56:00] PROGRESS seg 560/1 | twins=16,199,425 | B2_partial≈0.740493347166 | 4.05e7 cand/s | ETA 0.1 min
[2026-02-26 00:56:00] PROGRESS seg 573/1 | twins=16,540,286 | B2_partial≈0.740613693475 | 4.05e7 cand/s | ETA 0.1 min
[2026-02-26 00:56:01] PROGRESS seg 586/1 | twins=16,879,268 | B2_partial≈0.740730690897 | 4.05e7 cand/s | ETA 0.1 min
[2026-02-26 00:56:01] PROGRESS seg 599/1 | twins=17,218,120 | B2_partial≈0.740845077388 | 4.06e7 cand/s | ETA 0.1 min
[2026-02-26 00:56:01] PROGRESS seg 612/1 | twins=17,556,622 | B2_partial≈0.740956890541 | 4.06e7 cand/s | ETA 0.1 min
[2026-02-26 00:56:01] PROGRESS seg 625/1 | twins=17,894,202 | B2_partial≈0.741066056044 | 4.06e7 cand/s | ETA 0.1 min
[2026-02-26 00:56:01] PROGRESS seg 638/1 | twins=18,231,817 | B2_partial≈0.741172985468 | 4.06e7 cand/s | ETA 0.1 min
[2026-02-26 00:56:01] PROGRESS seg 651/1 | twins=18,567,866 | B2_partial≈0.741277271230 | 4.07e7 cand/s | ETA 0.1 min
[2026-02-26 00:56:02] PROGRESS seg 664/1 | twins=18,902,921 | B2_partial≈0.741379192299 | 4.07e7 cand/s | ETA 0.1 min
[2026-02-26 00:56:02] PROGRESS seg 677/1 | twins=19,238,465 | B2_partial≈0.741479284919 | 4.07e7 cand/s | ETA 0.1 min
[2026-02-26 00:56:02] PROGRESS seg 690/1 | twins=19,572,939 | B2_partial≈0.741577158563 | 4.07e7 cand/s | ETA 0.1 min
[2026-02-26 00:56:02] PROGRESS seg 703/1 | twins=19,907,447 | B2_partial≈0.741673215021 | 4.07e7 cand/s | ETA 0.1 min
[2026-02-26 00:56:02] PROGRESS seg 716/1 | twins=20,241,267 | B2_partial≈0.741767318645 | 4.07e7 cand/s | ETA 0.1 min
[2026-02-26 00:56:02] PROGRESS seg 729/1 | twins=20,574,373 | B2_partial≈0.741859531433 | 4.08e7 cand/s | ETA 0.1 min
[2026-02-26 00:56:02] PROGRESS seg 742/1 | twins=20,906,667 | B2_partial≈0.741949892557 | 4.08e7 cand/s | ETA 0.1 min
[2026-02-26 00:56:03] PROGRESS seg 755/1 | twins=21,238,267 | B2_partial≈0.742038498221 | 4.08e7 cand/s | ETA 0.0 min
[2026-02-26 00:56:03] PROGRESS seg 768/1 | twins=21,569,508 | B2_partial≈0.742125496605 | 4.08e7 cand/s | ETA 0.0 min
[2026-02-26 00:56:03] PROGRESS seg 781/1 | twins=21,900,929 | B2_partial≈0.742211082564 | 4.08e7 cand/s | ETA 0.0 min
[2026-02-26 00:56:03] PROGRESS seg 794/1 | twins=22,231,336 | B2_partial≈0.742294997711 | 4.08e7 cand/s | ETA 0.0 min
[2026-02-26 00:56:03] PROGRESS seg 807/1 | twins=22,561,852 | B2_partial≈0.742377577736 | 4.08e7 cand/s | ETA 0.0 min
[2026-02-26 00:56:03] PROGRESS seg 820/1 | twins=22,891,688 | B2_partial≈0.742458670015 | 4.08e7 cand/s | ETA 0.0 min
[2026-02-26 00:56:04] PROGRESS seg 833/1 | twins=23,221,499 | B2_partial≈0.742538481677 | 4.09e7 cand/s | ETA 0.0 min
[2026-02-26 00:56:04] PROGRESS seg 846/1 | twins=23,550,309 | B2_partial≈0.742616818036 | 4.09e7 cand/s | ETA 0.0 min
[2026-02-26 00:56:04] PROGRESS seg 859/1 | twins=23,878,772 | B2_partial≈0.742693879225 | 4.09e7 cand/s | ETA 0.0 min
[2026-02-26 00:56:04] PROGRESS seg 872/1 | twins=24,206,350 | B2_partial≈0.742769577743 | 4.09e7 cand/s | ETA 0.0 min
[2026-02-26 00:56:04] PROGRESS seg 885/1 | twins=24,533,788 | B2_partial≈0.742844123551 | 4.09e7 cand/s | ETA 0.0 min
[2026-02-26 00:56:04] PROGRESS seg 898/1 | twins=24,860,734 | B2_partial≈0.742917473478 | 4.09e7 cand/s | ETA 0.0 min
[2026-02-26 00:56:05] PROGRESS seg 911/1 | twins=25,187,585 | B2_partial≈0.742989747288 | 4.09e7 cand/s | ETA 0.0 min
[2026-02-26 00:56:05] PROGRESS seg 924/1 | twins=25,513,590 | B2_partial≈0.743060811984 | 4.09e7 cand/s | ETA 0.0 min
[2026-02-26 00:56:05] PROGRESS seg 937/1 | twins=25,839,514 | B2_partial≈0.743130866755 | 4.09e7 cand/s | ETA 0.0 min
[2026-02-26 00:56:05] PROGRESS seg 950/1 | twins=26,165,118 | B2_partial≈0.743199888569 | 4.09e7 cand/s | ETA 0.0 min
[2026-02-26 00:56:05] PROGRESS seg 963/1 | twins=26,489,757 | B2_partial≈0.743267770839 | 4.09e7 cand/s | ETA 0.0 min
[2026-02-26 00:56:05] PROGRESS seg 976/1 | twins=26,814,148 | B2_partial≈0.743334692010 | 4.09e7 cand/s | ETA 0.0 min
[2026-02-26 00:56:05] PROGRESS seg 989/1 | twins=27,138,792 | B2_partial≈0.743400778185 | 4.09e7 cand/s | ETA 0.0 min
[2026-02-26 00:56:06] Done. gpus=1, twins=27,412,679
[2026-02-26 00:56:06] Brun partial sum up to 10000000000: 1.78747850271924147
[2026-02-26 00:56:06] Brun extrapolated  B2* (HL):    1.90216035623345192
[2026-02-26 00:56:06] Accumulation error bound (Kahan + reductions, excludes per-term rounding): <= 1.310e-14
[2026-02-26 00:56:06] Per-term eval error bound (IEEE-754, gamma_5): <= 9.922e-16
[2026-02-26 00:56:06] Elapsed: 12.11s
[2026-02-26 01:06:49] **********************************************************************
[2026-02-26 01:06:49] ** Started: target\release\twincle.exe --exp 12
[2026-02-26 01:06:49] **********************************************************************
[2026-02-26 01:06:51] CPU: 12th Gen Intel(R) Core(TM) i9-12900K [16c24t]
[2026-02-26 01:06:51] RAM: 127.75 GB (103.60 GB available)
[2026-02-26 01:06:51] GPU 0: NVIDIA GeForce RTX 4070 (12.0 GB VRAM)
[2026-02-26 01:06:51] Testing M=30030: 1485 residues, 78497 base primes
[2026-02-26 01:06:51] Running final search with M=30030...
[2026-02-26 01:06:51] Wheel-missed small twin pairs: 3 (sum contribution: 1.04402264402264411)
[2026-02-26 01:06:51] PROGRESS seg 1/4 | twins=3,424,502 | B2_partial≈0.730713311616 | 2.39e8 cand/s | ETA 3.5 min
[2026-02-26 01:06:51] PROGRESS seg 8/4 | twins=22,384,159 | B2_partial≈0.742333347757 | 3.98e8 cand/s | ETA 2.1 min
[2026-02-26 01:06:52] PROGRESS seg 15/4 | twins=39,636,265 | B2_partial≈0.745440595404 | 5.91e8 cand/s | ETA 1.4 min
[2026-02-26 01:06:52] PROGRESS seg 22/4 | twins=56,185,095 | B2_partial≈0.747253338426 | 7.81e8 cand/s | ETA 1.0 min
[2026-02-26 01:06:52] PROGRESS seg 29/4 | twins=72,283,207 | B2_partial≈0.748524597110 | 9.56e8 cand/s | ETA 0.8 min
[2026-02-26 01:06:52] PROGRESS seg 36/4 | twins=88,056,123 | B2_partial≈0.749499335274 | 1.11e9 cand/s | ETA 0.7 min
[2026-02-26 01:06:52] PROGRESS seg 43/4 | twins=103,582,902 | B2_partial≈0.750287741028 | 1.25e9 cand/s | ETA 0.6 min
[2026-02-26 01:06:52] PROGRESS seg 50/4 | twins=118,903,628 | B2_partial≈0.750948047013 | 1.36e9 cand/s | ETA 0.6 min
[2026-02-26 01:06:53] PROGRESS seg 57/4 | twins=134,050,247 | B2_partial≈0.751515160628 | 1.46e9 cand/s | ETA 0.5 min
[2026-02-26 01:06:53] PROGRESS seg 64/4 | twins=149,049,730 | B2_partial≈0.752011608255 | 1.55e9 cand/s | ETA 0.5 min
[2026-02-26 01:06:53] PROGRESS seg 71/4 | twins=163,911,312 | B2_partial≈0.752452375729 | 1.62e9 cand/s | ETA 0.5 min
[2026-02-26 01:06:53] PROGRESS seg 78/4 | twins=178,660,132 | B2_partial≈0.752848635797 | 1.68e9 cand/s | ETA 0.5 min
[2026-02-26 01:06:53] PROGRESS seg 85/4 | twins=193,303,640 | B2_partial≈0.753208224992 | 1.73e9 cand/s | ETA 0.4 min
[2026-02-26 01:06:53] PROGRESS seg 92/4 | twins=207,859,066 | B2_partial≈0.753537347884 | 1.78e9 cand/s | ETA 0.4 min
[2026-02-26 01:06:54] PROGRESS seg 99/4 | twins=222,316,925 | B2_partial≈0.753840277275 | 1.81e9 cand/s | ETA 0.4 min
[2026-02-26 01:06:54] PROGRESS seg 106/4 | twins=236,691,827 | B2_partial≈0.754120881917 | 1.84e9 cand/s | ETA 0.4 min
[2026-02-26 01:06:54] PROGRESS seg 113/4 | twins=250,995,592 | B2_partial≈0.754382233495 | 1.87e9 cand/s | ETA 0.4 min
[2026-02-26 01:06:54] PROGRESS seg 120/4 | twins=265,237,920 | B2_partial≈0.754626816739 | 1.89e9 cand/s | ETA 0.4 min
[2026-02-26 01:06:54] PROGRESS seg 127/4 | twins=279,406,486 | B2_partial≈0.754856334096 | 1.91e9 cand/s | ETA 0.4 min
[2026-02-26 01:06:54] PROGRESS seg 134/4 | twins=293,515,455 | B2_partial≈0.755072618521 | 1.93e9 cand/s | ETA 0.4 min
[2026-02-26 01:06:55] PROGRESS seg 141/4 | twins=307,563,800 | B2_partial≈0.755277006101 | 1.94e9 cand/s | ETA 0.4 min
[2026-02-26 01:06:55] PROGRESS seg 148/4 | twins=321,562,091 | B2_partial≈0.755470794517 | 1.95e9 cand/s | ETA 0.4 min
[2026-02-26 01:06:55] PROGRESS seg 155/4 | twins=335,510,857 | B2_partial≈0.755654971483 | 1.96e9 cand/s | ETA 0.4 min
[2026-02-26 01:06:55] PROGRESS seg 162/4 | twins=349,405,414 | B2_partial≈0.755830327960 | 1.97e9 cand/s | ETA 0.4 min
[2026-02-26 01:06:55] PROGRESS seg 169/4 | twins=363,251,003 | B2_partial≈0.755997673142 | 1.98e9 cand/s | ETA 0.3 min
[2026-02-26 01:06:55] PROGRESS seg 176/4 | twins=377,058,546 | B2_partial≈0.756157784438 | 1.99e9 cand/s | ETA 0.3 min
[2026-02-26 01:06:56] PROGRESS seg 183/4 | twins=390,826,262 | B2_partial≈0.756311205778 | 1.99e9 cand/s | ETA 0.3 min
[2026-02-26 01:06:56] PROGRESS seg 190/4 | twins=404,547,895 | B2_partial≈0.756458373390 | 2.00e9 cand/s | ETA 0.3 min
[2026-02-26 01:06:56] PROGRESS seg 197/4 | twins=418,231,771 | B2_partial≈0.756599825418 | 2.00e9 cand/s | ETA 0.3 min
[2026-02-26 01:06:56] PROGRESS seg 204/4 | twins=431,875,692 | B2_partial≈0.756735939411 | 2.00e9 cand/s | ETA 0.3 min
[2026-02-26 01:06:56] PROGRESS seg 211/4 | twins=445,486,733 | B2_partial≈0.756867144056 | 2.01e9 cand/s | ETA 0.3 min
[2026-02-26 01:06:56] PROGRESS seg 218/4 | twins=459,061,933 | B2_partial≈0.756993731380 | 2.01e9 cand/s | ETA 0.3 min
[2026-02-26 01:06:57] PROGRESS seg 225/4 | twins=472,605,291 | B2_partial≈0.757116029999 | 2.01e9 cand/s | ETA 0.3 min
[2026-02-26 01:06:57] PROGRESS seg 232/4 | twins=486,112,902 | B2_partial≈0.757234268536 | 2.02e9 cand/s | ETA 0.3 min
[2026-02-26 01:06:57] PROGRESS seg 239/4 | twins=499,594,143 | B2_partial≈0.757348767920 | 2.02e9 cand/s | ETA 0.3 min
[2026-02-26 01:06:57] PROGRESS seg 246/4 | twins=513,045,139 | B2_partial≈0.757459712089 | 2.02e9 cand/s | ETA 0.3 min
[2026-02-26 01:06:57] PROGRESS seg 253/4 | twins=526,462,409 | B2_partial≈0.757567272633 | 2.02e9 cand/s | ETA 0.3 min
[2026-02-26 01:06:57] PROGRESS seg 260/4 | twins=539,856,097 | B2_partial≈0.757671714028 | 2.02e9 cand/s | ETA 0.3 min
[2026-02-26 01:06:58] PROGRESS seg 267/4 | twins=553,223,586 | B2_partial≈0.757773181623 | 2.02e9 cand/s | ETA 0.3 min
[2026-02-26 01:06:58] PROGRESS seg 274/4 | twins=566,564,973 | B2_partial≈0.757871830042 | 2.03e9 cand/s | ETA 0.3 min
[2026-02-26 01:06:58] PROGRESS seg 281/4 | twins=579,878,728 | B2_partial≈0.757967790571 | 2.03e9 cand/s | ETA 0.3 min
[2026-02-26 01:06:58] PROGRESS seg 288/4 | twins=593,163,233 | B2_partial≈0.758061184144 | 2.03e9 cand/s | ETA 0.3 min
[2026-02-26 01:06:58] PROGRESS seg 295/4 | twins=606,425,641 | B2_partial≈0.758152183056 | 2.03e9 cand/s | ETA 0.3 min
[2026-02-26 01:06:58] PROGRESS seg 302/4 | twins=619,664,876 | B2_partial≈0.758240892508 | 2.03e9 cand/s | ETA 0.3 min
[2026-02-26 01:06:59] PROGRESS seg 309/4 | twins=632,882,170 | B2_partial≈0.758327425391 | 2.03e9 cand/s | ETA 0.3 min
[2026-02-26 01:06:59] PROGRESS seg 316/4 | twins=646,074,834 | B2_partial≈0.758411862120 | 2.03e9 cand/s | ETA 0.3 min
[2026-02-26 01:06:59] PROGRESS seg 323/4 | twins=659,247,733 | B2_partial≈0.758494325026 | 2.03e9 cand/s | ETA 0.3 min
[2026-02-26 01:06:59] PROGRESS seg 330/4 | twins=672,392,834 | B2_partial≈0.758574849880 | 2.03e9 cand/s | ETA 0.3 min
[2026-02-26 01:06:59] PROGRESS seg 337/4 | twins=685,528,223 | B2_partial≈0.758653625925 | 2.03e9 cand/s | ETA 0.3 min
[2026-02-26 01:06:59] PROGRESS seg 344/4 | twins=698,637,276 | B2_partial≈0.758730627772 | 2.03e9 cand/s | ETA 0.3 min
[2026-02-26 01:07:00] PROGRESS seg 351/4 | twins=711,725,649 | B2_partial≈0.758805959260 | 2.03e9 cand/s | ETA 0.3 min
[2026-02-26 01:07:00] PROGRESS seg 358/4 | twins=724,792,564 | B2_partial≈0.758879682027 | 2.03e9 cand/s | ETA 0.3 min
[2026-02-26 01:07:00] PROGRESS seg 365/4 | twins=737,841,608 | B2_partial≈0.758951878370 | 2.03e9 cand/s | ETA 0.3 min
[2026-02-26 01:07:00] PROGRESS seg 372/4 | twins=750,872,893 | B2_partial≈0.759022606811 | 2.03e9 cand/s | ETA 0.3 min
[2026-02-26 01:07:00] PROGRESS seg 379/4 | twins=763,890,574 | B2_partial≈0.759091944110 | 2.04e9 cand/s | ETA 0.3 min
[2026-02-26 01:07:00] PROGRESS seg 386/4 | twins=776,881,517 | B2_partial≈0.759159872719 | 2.04e9 cand/s | ETA 0.2 min
[2026-02-26 01:07:01] PROGRESS seg 393/4 | twins=789,857,506 | B2_partial≈0.759226503654 | 2.04e9 cand/s | ETA 0.2 min
[2026-02-26 01:07:01] PROGRESS seg 400/4 | twins=802,817,695 | B2_partial≈0.759291878472 | 2.04e9 cand/s | ETA 0.2 min
[2026-02-26 01:07:01] PROGRESS seg 407/4 | twins=815,758,962 | B2_partial≈0.759356025265 | 2.04e9 cand/s | ETA 0.2 min
[2026-02-26 01:07:01] PROGRESS seg 414/4 | twins=828,678,402 | B2_partial≈0.759418971844 | 2.04e9 cand/s | ETA 0.2 min
[2026-02-26 01:07:01] PROGRESS seg 421/4 | twins=841,588,301 | B2_partial≈0.759480817144 | 2.04e9 cand/s | ETA 0.2 min
[2026-02-26 01:07:01] PROGRESS seg 428/4 | twins=854,483,212 | B2_partial≈0.759541571980 | 2.04e9 cand/s | ETA 0.2 min
[2026-02-26 01:07:02] PROGRESS seg 435/4 | twins=867,364,048 | B2_partial≈0.759601275970 | 2.04e9 cand/s | ETA 0.2 min
[2026-02-26 01:07:02] PROGRESS seg 442/4 | twins=880,224,895 | B2_partial≈0.759659935620 | 2.04e9 cand/s | ETA 0.2 min
[2026-02-26 01:07:02] PROGRESS seg 449/4 | twins=893,070,176 | B2_partial≈0.759717603700 | 2.04e9 cand/s | ETA 0.2 min
[2026-02-26 01:07:02] PROGRESS seg 456/4 | twins=905,902,950 | B2_partial≈0.759774324310 | 2.04e9 cand/s | ETA 0.2 min
[2026-02-26 01:07:02] PROGRESS seg 463/4 | twins=918,716,158 | B2_partial≈0.759830095672 | 2.04e9 cand/s | ETA 0.2 min
[2026-02-26 01:07:03] PROGRESS seg 470/4 | twins=931,519,131 | B2_partial≈0.759884986333 | 2.04e9 cand/s | ETA 0.2 min
[2026-02-26 01:07:03] PROGRESS seg 477/4 | twins=944,306,333 | B2_partial≈0.759938998820 | 2.04e9 cand/s | ETA 0.2 min
[2026-02-26 01:07:03] PROGRESS seg 484/4 | twins=957,079,576 | B2_partial≈0.759992166318 | 2.04e9 cand/s | ETA 0.2 min
[2026-02-26 01:07:03] PROGRESS seg 491/4 | twins=969,835,049 | B2_partial≈0.760044497402 | 2.04e9 cand/s | ETA 0.2 min
[2026-02-26 01:07:03] PROGRESS seg 498/4 | twins=982,582,047 | B2_partial≈0.760096053470 | 2.04e9 cand/s | ETA 0.2 min
[2026-02-26 01:07:03] PROGRESS seg 505/4 | twins=995,316,625 | B2_partial≈0.760146840343 | 2.04e9 cand/s | ETA 0.2 min
[2026-02-26 01:07:04] PROGRESS seg 512/4 | twins=1,008,038,824 | B2_partial≈0.760196879345 | 2.04e9 cand/s | ETA 0.2 min
[2026-02-26 01:07:04] PROGRESS seg 519/4 | twins=1,020,747,535 | B2_partial≈0.760246186486 | 2.04e9 cand/s | ETA 0.2 min
[2026-02-26 01:07:04] PROGRESS seg 526/4 | twins=1,033,443,474 | B2_partial≈0.760294784148 | 2.04e9 cand/s | ETA 0.2 min
[2026-02-26 01:07:04] PROGRESS seg 533/4 | twins=1,046,130,488 | B2_partial≈0.760342705594 | 2.04e9 cand/s | ETA 0.2 min
[2026-02-26 01:07:04] PROGRESS seg 540/4 | twins=1,058,797,587 | B2_partial≈0.760389927638 | 2.04e9 cand/s | ETA 0.2 min
[2026-02-26 01:07:04] PROGRESS seg 547/4 | twins=1,071,453,077 | B2_partial≈0.760436498666 | 2.04e9 cand/s | ETA 0.2 min
[2026-02-26 01:07:05] PROGRESS seg 554/4 | twins=1,084,098,140 | B2_partial≈0.760482439598 | 2.04e9 cand/s | ETA 0.2 min
[2026-02-26 01:07:05] PROGRESS seg 561/4 | twins=1,096,734,488 | B2_partial≈0.760527772376 | 2.04e9 cand/s | ETA 0.2 min
[2026-02-26 01:07:05] PROGRESS seg 568/4 | twins=1,109,355,235 | B2_partial≈0.760572487723 | 2.04e9 cand/s | ETA 0.2 min
[2026-02-26 01:07:05] PROGRESS seg 575/4 | twins=1,121,969,569 | B2_partial≈0.760616632980 | 2.04e9 cand/s | ETA 0.2 min
[2026-02-26 01:07:05] PROGRESS seg 582/4 | twins=1,134,567,782 | B2_partial≈0.760660188304 | 2.03e9 cand/s | ETA 0.2 min
[2026-02-26 01:07:05] PROGRESS seg 589/4 | twins=1,147,155,726 | B2_partial≈0.760703187876 | 2.03e9 cand/s | ETA 0.2 min
[2026-02-26 01:07:06] PROGRESS seg 596/4 | twins=1,159,734,973 | B2_partial≈0.760745650049 | 2.03e9 cand/s | ETA 0.2 min
[2026-02-26 01:07:06] PROGRESS seg 603/4 | twins=1,172,301,763 | B2_partial≈0.760787574794 | 2.03e9 cand/s | ETA 0.2 min
[2026-02-26 01:07:06] PROGRESS seg 609/4 | twins=1,183,064,841 | B2_partial≈0.760823096854 | 2.03e9 cand/s | ETA 0.2 min
[2026-02-26 01:07:06] PROGRESS seg 616/4 | twins=1,195,613,224 | B2_partial≈0.760864071634 | 2.03e9 cand/s | ETA 0.2 min
[2026-02-26 01:07:06] PROGRESS seg 623/4 | twins=1,208,150,177 | B2_partial≈0.760904546566 | 2.03e9 cand/s | ETA 0.2 min
[2026-02-26 01:07:06] PROGRESS seg 630/4 | twins=1,220,674,079 | B2_partial≈0.760944527514 | 2.03e9 cand/s | ETA 0.1 min
[2026-02-26 01:07:07] PROGRESS seg 637/4 | twins=1,233,192,343 | B2_partial≈0.760984048913 | 2.03e9 cand/s | ETA 0.1 min
[2026-02-26 01:07:07] PROGRESS seg 644/4 | twins=1,245,696,986 | B2_partial≈0.761023095802 | 2.03e9 cand/s | ETA 0.1 min
[2026-02-26 01:07:07] PROGRESS seg 651/4 | twins=1,258,189,795 | B2_partial≈0.761061684035 | 2.03e9 cand/s | ETA 0.1 min
[2026-02-26 01:07:07] PROGRESS seg 658/4 | twins=1,270,673,096 | B2_partial≈0.761099830512 | 2.03e9 cand/s | ETA 0.1 min
[2026-02-26 01:07:07] PROGRESS seg 665/4 | twins=1,283,151,319 | B2_partial≈0.761137557945 | 2.03e9 cand/s | ETA 0.1 min
[2026-02-26 01:07:07] PROGRESS seg 672/4 | twins=1,295,616,861 | B2_partial≈0.761174852368 | 2.03e9 cand/s | ETA 0.1 min
[2026-02-26 01:07:08] PROGRESS seg 679/4 | twins=1,308,073,436 | B2_partial≈0.761211733747 | 2.03e9 cand/s | ETA 0.1 min
[2026-02-26 01:07:08] PROGRESS seg 686/4 | twins=1,320,522,195 | B2_partial≈0.761248213942 | 2.03e9 cand/s | ETA 0.1 min
[2026-02-26 01:07:08] PROGRESS seg 693/4 | twins=1,332,965,938 | B2_partial≈0.761284309277 | 2.03e9 cand/s | ETA 0.1 min
[2026-02-26 01:07:08] PROGRESS seg 700/4 | twins=1,345,394,366 | B2_partial≈0.761319997794 | 2.03e9 cand/s | ETA 0.1 min
[2026-02-26 01:07:08] PROGRESS seg 707/4 | twins=1,357,817,987 | B2_partial≈0.761355317603 | 2.03e9 cand/s | ETA 0.1 min
[2026-02-26 01:07:08] PROGRESS seg 714/4 | twins=1,370,225,999 | B2_partial≈0.761390245467 | 2.03e9 cand/s | ETA 0.1 min
[2026-02-26 01:07:09] PROGRESS seg 721/4 | twins=1,382,627,287 | B2_partial≈0.761424813795 | 2.03e9 cand/s | ETA 0.1 min
[2026-02-26 01:07:09] PROGRESS seg 728/4 | twins=1,395,017,134 | B2_partial≈0.761459016576 | 2.03e9 cand/s | ETA 0.1 min
[2026-02-26 01:07:09] PROGRESS seg 735/4 | twins=1,407,406,506 | B2_partial≈0.761492890741 | 2.03e9 cand/s | ETA 0.1 min
[2026-02-26 01:07:09] PROGRESS seg 742/4 | twins=1,419,783,141 | B2_partial≈0.761526409314 | 2.03e9 cand/s | ETA 0.1 min
[2026-02-26 01:07:09] PROGRESS seg 749/4 | twins=1,432,148,865 | B2_partial≈0.761559583866 | 2.03e9 cand/s | ETA 0.1 min
[2026-02-26 01:07:10] PROGRESS seg 756/4 | twins=1,444,508,962 | B2_partial≈0.761592434882 | 2.03e9 cand/s | ETA 0.1 min
[2026-02-26 01:07:10] PROGRESS seg 763/4 | twins=1,456,858,597 | B2_partial≈0.761624955571 | 2.03e9 cand/s | ETA 0.1 min
[2026-02-26 01:07:10] PROGRESS seg 770/4 | twins=1,469,198,743 | B2_partial≈0.761657154500 | 2.03e9 cand/s | ETA 0.1 min
[2026-02-26 01:07:10] PROGRESS seg 776/4 | twins=1,479,769,162 | B2_partial≈0.761684503727 | 2.03e9 cand/s | ETA 0.1 min
[2026-02-26 01:07:10] PROGRESS seg 783/4 | twins=1,492,096,609 | B2_partial≈0.761716133080 | 2.03e9 cand/s | ETA 0.1 min
[2026-02-26 01:07:10] PROGRESS seg 790/4 | twins=1,504,415,776 | B2_partial≈0.761747459866 | 2.03e9 cand/s | ETA 0.1 min
[2026-02-26 01:07:11] PROGRESS seg 797/4 | twins=1,516,725,921 | B2_partial≈0.761778487566 | 2.03e9 cand/s | ETA 0.1 min
[2026-02-26 01:07:11] PROGRESS seg 803/4 | twins=1,527,273,971 | B2_partial≈0.761804857806 | 2.03e9 cand/s | ETA 0.1 min
[2026-02-26 01:07:11] PROGRESS seg 810/4 | twins=1,539,573,903 | B2_partial≈0.761835359992 | 2.03e9 cand/s | ETA 0.1 min
[2026-02-26 01:07:11] PROGRESS seg 817/4 | twins=1,551,857,524 | B2_partial≈0.761865559626 | 2.03e9 cand/s | ETA 0.1 min
[2026-02-26 01:07:11] PROGRESS seg 824/4 | twins=1,564,139,789 | B2_partial≈0.761895498323 | 2.03e9 cand/s | ETA 0.1 min
[2026-02-26 01:07:11] PROGRESS seg 831/4 | twins=1,576,412,212 | B2_partial≈0.761925159955 | 2.03e9 cand/s | ETA 0.1 min
[2026-02-26 01:07:12] PROGRESS seg 838/4 | twins=1,588,677,125 | B2_partial≈0.761954554788 | 2.03e9 cand/s | ETA 0.1 min
[2026-02-26 01:07:12] PROGRESS seg 845/4 | twins=1,600,933,569 | B2_partial≈0.761983684977 | 2.03e9 cand/s | ETA 0.1 min
[2026-02-26 01:07:12] PROGRESS seg 852/4 | twins=1,613,183,607 | B2_partial≈0.762012559698 | 2.03e9 cand/s | ETA 0.1 min
[2026-02-26 01:07:12] PROGRESS seg 859/4 | twins=1,625,426,097 | B2_partial≈0.762041180489 | 2.03e9 cand/s | ETA 0.1 min
[2026-02-26 01:07:12] PROGRESS seg 866/4 | twins=1,637,659,885 | B2_partial≈0.762069548888 | 2.03e9 cand/s | ETA 0.1 min
[2026-02-26 01:07:12] PROGRESS seg 873/4 | twins=1,649,889,145 | B2_partial≈0.762097678480 | 2.03e9 cand/s | ETA 0.1 min
[2026-02-26 01:07:13] PROGRESS seg 880/4 | twins=1,662,110,298 | B2_partial≈0.762125564902 | 2.03e9 cand/s | ETA 0.0 min
[2026-02-26 01:07:13] PROGRESS seg 887/4 | twins=1,674,320,980 | B2_partial≈0.762153206689 | 2.03e9 cand/s | ETA 0.0 min
[2026-02-26 01:07:13] PROGRESS seg 894/4 | twins=1,686,531,111 | B2_partial≈0.762180629947 | 2.03e9 cand/s | ETA 0.0 min
[2026-02-26 01:07:13] PROGRESS seg 901/4 | twins=1,698,730,742 | B2_partial≈0.762207815889 | 2.03e9 cand/s | ETA 0.0 min
[2026-02-26 01:07:13] PROGRESS seg 908/4 | twins=1,710,924,907 | B2_partial≈0.762234779361 | 2.03e9 cand/s | ETA 0.0 min
[2026-02-26 01:07:13] PROGRESS seg 914/4 | twins=1,721,372,640 | B2_partial≈0.762257716291 | 2.03e9 cand/s | ETA 0.0 min
[2026-02-26 01:07:14] PROGRESS seg 921/4 | twins=1,733,555,864 | B2_partial≈0.762284273872 | 2.03e9 cand/s | ETA 0.0 min
[2026-02-26 01:07:14] PROGRESS seg 928/4 | twins=1,745,727,700 | B2_partial≈0.762310605712 | 2.03e9 cand/s | ETA 0.0 min
[2026-02-26 01:07:14] PROGRESS seg 935/4 | twins=1,757,892,827 | B2_partial≈0.762336725278 | 2.03e9 cand/s | ETA 0.0 min
[2026-02-26 01:07:14] PROGRESS seg 942/4 | twins=1,770,052,112 | B2_partial≈0.762362637549 | 2.03e9 cand/s | ETA 0.0 min
[2026-02-26 01:07:14] PROGRESS seg 949/4 | twins=1,782,210,674 | B2_partial≈0.762388356470 | 2.03e9 cand/s | ETA 0.0 min
[2026-02-26 01:07:14] PROGRESS seg 956/4 | twins=1,794,358,569 | B2_partial≈0.762413863983 | 2.03e9 cand/s | ETA 0.0 min
[2026-02-26 01:07:15] PROGRESS seg 963/4 | twins=1,806,505,893 | B2_partial≈0.762439184238 | 2.03e9 cand/s | ETA 0.0 min
[2026-02-26 01:07:15] PROGRESS seg 969/4 | twins=1,816,906,502 | B2_partial≈0.762460717671 | 2.03e9 cand/s | ETA 0.0 min
[2026-02-26 01:07:15] PROGRESS seg 976/4 | twins=1,829,040,080 | B2_partial≈0.762485671163 | 2.03e9 cand/s | ETA 0.0 min
[2026-02-26 01:07:15] PROGRESS seg 983/4 | twins=1,841,166,427 | B2_partial≈0.762510431545 | 2.02e9 cand/s | ETA 0.0 min
[2026-02-26 01:07:15] PROGRESS seg 990/4 | twins=1,853,287,445 | B2_partial≈0.762535005448 | 2.02e9 cand/s | ETA 0.0 min
[2026-02-26 01:07:15] PROGRESS seg 997/4 | twins=1,865,395,775 | B2_partial≈0.762559380671 | 2.02e9 cand/s | ETA 0.0 min
[2026-02-26 01:07:16] Done. gpus=1, twins=1,870,585,220
[2026-02-26 01:07:16] Brun partial sum up to 1000000000000: 1.80659241917588265
[2026-02-26 01:07:16] Brun extrapolated  B2* (HL):    1.90216063043772476
[2026-02-26 01:07:16] Accumulation error bound (Kahan + reductions, excludes per-term rounding): <= 1.324e-14
[2026-02-26 01:07:16] Per-term eval error bound (IEEE-754, gamma_5): <= 1.003e-15
[2026-02-26 01:07:16] Elapsed: 24.48s
[2026-02-26 01:15:50] **********************************************************************
[2026-02-26 01:15:50] ** Started: target\release\twincle.exe --exp 12
[2026-02-26 01:15:50] **********************************************************************
[2026-02-26 01:15:51] CPU: 12th Gen Intel(R) Core(TM) i9-12900K [16c24t]
[2026-02-26 01:15:52] RAM: 127.75 GB (103.58 GB available)
[2026-02-26 01:15:52] GPU 0: NVIDIA GeForce RTX 4070 (12.0 GB VRAM)
[2026-02-26 01:15:52] Testing M=30030: 1485 residues, 78497 base primes
[2026-02-26 01:15:52] Running final search with M=30030...
[2026-02-26 01:15:52] Wheel-missed small twin pairs: 3 (sum contribution: 1.04402264402264411)
[2026-02-26 01:15:52] PROGRESS seg 1/4 | twins=3,424,502 | B2_partial≈0.730713311616 | 2.54e8 cand/s | ETA 3.2 min
[2026-02-26 01:15:52] PROGRESS seg 7/4 | twins=19,830,142 | B2_partial≈0.741651175123 | 4.04e8 cand/s | ETA 2.0 min
[2026-02-26 01:15:52] PROGRESS seg 14/4 | twins=37,222,831 | B2_partial≈0.745107568347 | 5.98e8 cand/s | ETA 1.4 min
[2026-02-26 01:15:52] PROGRESS seg 21/4 | twins=53,851,228 | B2_partial≈0.747036189301 | 7.90e8 cand/s | ETA 1.0 min
[2026-02-26 01:15:53] PROGRESS seg 28/4 | twins=70,002,775 | B2_partial≈0.748364548469 | 9.67e8 cand/s | ETA 0.8 min
[2026-02-26 01:15:53] PROGRESS seg 35/4 | twins=85,818,579 | B2_partial≈0.749373267036 | 1.12e9 cand/s | ETA 0.7 min
[2026-02-26 01:15:53] PROGRESS seg 42/4 | twins=101,378,623 | B2_partial≈0.750184004658 | 1.26e9 cand/s | ETA 0.6 min
[2026-02-26 01:15:53] PROGRESS seg 49/4 | twins=116,725,232 | B2_partial≈0.750860027581 | 1.38e9 cand/s | ETA 0.6 min
[2026-02-26 01:15:53] PROGRESS seg 56/4 | twins=131,898,615 | B2_partial≈0.751438994534 | 1.48e9 cand/s | ETA 0.5 min
[2026-02-26 01:15:53] PROGRESS seg 63/4 | twins=146,916,780 | B2_partial≈0.751944427548 | 1.56e9 cand/s | ETA 0.5 min
[2026-02-26 01:15:54] PROGRESS seg 70/4 | twins=161,795,013 | B2_partial≈0.752392337628 | 1.64e9 cand/s | ETA 0.5 min
[2026-02-26 01:15:54] PROGRESS seg 77/4 | twins=176,561,175 | B2_partial≈0.752794468263 | 1.70e9 cand/s | ETA 0.4 min
[2026-02-26 01:15:54] PROGRESS seg 84/4 | twins=191,217,874 | B2_partial≈0.753158857030 | 1.75e9 cand/s | ETA 0.4 min
[2026-02-26 01:15:54] PROGRESS seg 91/4 | twins=205,785,647 | B2_partial≈0.753492026793 | 1.79e9 cand/s | ETA 0.4 min
[2026-02-26 01:15:54] PROGRESS seg 98/4 | twins=220,258,949 | B2_partial≈0.753798490540 | 1.83e9 cand/s | ETA 0.4 min
[2026-02-26 01:15:54] PROGRESS seg 105/4 | twins=234,643,268 | B2_partial≈0.754082046328 | 1.86e9 cand/s | ETA 0.4 min
[2026-02-26 01:15:55] PROGRESS seg 112/4 | twins=248,957,124 | B2_partial≈0.754345993845 | 1.89e9 cand/s | ETA 0.4 min
[2026-02-26 01:15:55] PROGRESS seg 119/4 | twins=263,205,927 | B2_partial≈0.754592808302 | 1.91e9 cand/s | ETA 0.4 min
[2026-02-26 01:15:55] PROGRESS seg 126/4 | twins=277,385,356 | B2_partial≈0.754824379356 | 1.93e9 cand/s | ETA 0.4 min
[2026-02-26 01:15:55] PROGRESS seg 133/4 | twins=291,502,165 | B2_partial≈0.755042456686 | 1.94e9 cand/s | ETA 0.4 min
[2026-02-26 01:15:55] PROGRESS seg 140/4 | twins=305,560,380 | B2_partial≈0.755248487518 | 1.95e9 cand/s | ETA 0.4 min
[2026-02-26 01:15:55] PROGRESS seg 147/4 | twins=319,565,584 | B2_partial≈0.755443723164 | 1.97e9 cand/s | ETA 0.4 min
[2026-02-26 01:15:56] PROGRESS seg 154/4 | twins=333,519,987 | B2_partial≈0.755629199625 | 1.98e9 cand/s | ETA 0.4 min
[2026-02-26 01:15:56] PROGRESS seg 161/4 | twins=347,423,439 | B2_partial≈0.755805783342 | 1.98e9 cand/s | ETA 0.3 min
[2026-02-26 01:15:56] PROGRESS seg 168/4 | twins=361,275,287 | B2_partial≈0.755974222422 | 1.99e9 cand/s | ETA 0.3 min
[2026-02-26 01:15:56] PROGRESS seg 175/4 | twins=375,087,559 | B2_partial≈0.756135322962 | 2.00e9 cand/s | ETA 0.3 min
[2026-02-26 01:15:56] PROGRESS seg 182/4 | twins=388,861,690 | B2_partial≈0.756289676180 | 2.00e9 cand/s | ETA 0.3 min
[2026-02-26 01:15:56] PROGRESS seg 189/4 | twins=402,589,275 | B2_partial≈0.756437701904 | 2.01e9 cand/s | ETA 0.3 min
[2026-02-26 01:15:57] PROGRESS seg 196/4 | twins=416,280,413 | B2_partial≈0.756579964235 | 2.01e9 cand/s | ETA 0.3 min
[2026-02-26 01:15:57] PROGRESS seg 203/4 | twins=429,928,955 | B2_partial≈0.756716806817 | 2.01e9 cand/s | ETA 0.3 min
[2026-02-26 01:15:57] PROGRESS seg 210/4 | twins=443,543,879 | B2_partial≈0.756848684591 | 2.02e9 cand/s | ETA 0.3 min
[2026-02-26 01:15:57] PROGRESS seg 217/4 | twins=457,126,124 | B2_partial≈0.756975930817 | 2.02e9 cand/s | ETA 0.3 min
[2026-02-26 01:15:57] PROGRESS seg 224/4 | twins=470,673,642 | B2_partial≈0.757098821517 | 2.02e9 cand/s | ETA 0.3 min
[2026-02-26 01:15:57] PROGRESS seg 231/4 | twins=484,187,000 | B2_partial≈0.757217630044 | 2.03e9 cand/s | ETA 0.3 min
[2026-02-26 01:15:58] PROGRESS seg 238/4 | twins=497,667,706 | B2_partial≈0.757332613290 | 2.03e9 cand/s | ETA 0.3 min
[2026-02-26 01:15:58] PROGRESS seg 245/4 | twins=511,123,993 | B2_partial≈0.757444061187 | 2.03e9 cand/s | ETA 0.3 min
[2026-02-26 01:15:58] PROGRESS seg 252/4 | twins=524,546,954 | B2_partial≈0.757552100690 | 2.03e9 cand/s | ETA 0.3 min
[2026-02-26 01:15:58] PROGRESS seg 259/4 | twins=537,945,113 | B2_partial≈0.757656985818 | 2.03e9 cand/s | ETA 0.3 min
[2026-02-26 01:15:58] PROGRESS seg 266/4 | twins=551,315,647 | B2_partial≈0.757758863100 | 2.03e9 cand/s | ETA 0.3 min
[2026-02-26 01:15:58] PROGRESS seg 273/4 | twins=564,659,703 | B2_partial≈0.757857897517 | 2.03e9 cand/s | ETA 0.3 min
[2026-02-26 01:15:59] PROGRESS seg 280/4 | twins=577,977,432 | B2_partial≈0.757954234070 | 2.04e9 cand/s | ETA 0.3 min
[2026-02-26 01:15:59] PROGRESS seg 287/4 | twins=591,268,147 | B2_partial≈0.758048000933 | 2.04e9 cand/s | ETA 0.3 min
[2026-02-26 01:15:59] PROGRESS seg 294/4 | twins=604,533,916 | B2_partial≈0.758139336013 | 2.04e9 cand/s | ETA 0.3 min
[2026-02-26 01:15:59] PROGRESS seg 301/4 | twins=617,775,446 | B2_partial≈0.758228358964 | 2.04e9 cand/s | ETA 0.3 min
[2026-02-26 01:15:59] PROGRESS seg 308/4 | twins=630,994,764 | B2_partial≈0.758315189361 | 2.04e9 cand/s | ETA 0.3 min
[2026-02-26 01:15:59] PROGRESS seg 315/4 | twins=644,191,052 | B2_partial≈0.758399920540 | 2.04e9 cand/s | ETA 0.3 min
[2026-02-26 01:16:00] PROGRESS seg 322/4 | twins=657,367,400 | B2_partial≈0.758482664034 | 2.04e9 cand/s | ETA 0.3 min
[2026-02-26 01:16:00] PROGRESS seg 329/4 | twins=670,517,133 | B2_partial≈0.758563464728 | 2.04e9 cand/s | ETA 0.3 min
[2026-02-26 01:16:00] PROGRESS seg 336/4 | twins=683,653,610 | B2_partial≈0.758642484080 | 2.04e9 cand/s | ETA 0.3 min
[2026-02-26 01:16:00] PROGRESS seg 343/4 | twins=696,767,295 | B2_partial≈0.758719739963 | 2.04e9 cand/s | ETA 0.3 min
[2026-02-26 01:16:00] PROGRESS seg 350/4 | twins=709,856,750 | B2_partial≈0.758795295070 | 2.04e9 cand/s | ETA 0.3 min
[2026-02-26 01:16:00] PROGRESS seg 357/4 | twins=722,927,273 | B2_partial≈0.758869246819 | 2.04e9 cand/s | ETA 0.3 min
[2026-02-26 01:16:01] PROGRESS seg 364/4 | twins=735,978,885 | B2_partial≈0.758941657666 | 2.04e9 cand/s | ETA 0.3 min
[2026-02-26 01:16:01] PROGRESS seg 371/4 | twins=749,012,271 | B2_partial≈0.759012589993 | 2.04e9 cand/s | ETA 0.3 min
[2026-02-26 01:16:01] PROGRESS seg 378/4 | twins=762,031,104 | B2_partial≈0.759082118648 | 2.04e9 cand/s | ETA 0.3 min
[2026-02-26 01:16:01] PROGRESS seg 385/4 | twins=775,026,837 | B2_partial≈0.759150250507 | 2.04e9 cand/s | ETA 0.2 min
[2026-02-26 01:16:01] PROGRESS seg 392/4 | twins=788,006,656 | B2_partial≈0.759217072566 | 2.04e9 cand/s | ETA 0.2 min
[2026-02-26 01:16:01] PROGRESS seg 399/4 | twins=800,967,113 | B2_partial≈0.759282613982 | 2.04e9 cand/s | ETA 0.2 min
[2026-02-26 01:16:02] PROGRESS seg 406/4 | twins=813,910,302 | B2_partial≈0.759346929756 | 2.04e9 cand/s | ETA 0.2 min
[2026-02-26 01:16:02] PROGRESS seg 413/4 | twins=826,834,223 | B2_partial≈0.759410051981 | 2.04e9 cand/s | ETA 0.2 min
[2026-02-26 01:16:02] PROGRESS seg 420/4 | twins=839,743,753 | B2_partial≈0.759472044024 | 2.04e9 cand/s | ETA 0.2 min
[2026-02-26 01:16:02] PROGRESS seg 427/4 | twins=852,640,887 | B2_partial≈0.759532952907 | 2.04e9 cand/s | ETA 0.2 min
[2026-02-26 01:16:02] PROGRESS seg 434/4 | twins=865,525,502 | B2_partial≈0.759592813154 | 2.04e9 cand/s | ETA 0.2 min
[2026-02-26 01:16:02] PROGRESS seg 441/4 | twins=878,387,911 | B2_partial≈0.759651614062 | 2.04e9 cand/s | ETA 0.2 min
[2026-02-26 01:16:03] PROGRESS seg 448/4 | twins=891,236,232 | B2_partial≈0.759709425573 | 2.04e9 cand/s | ETA 0.2 min
[2026-02-26 01:16:03] PROGRESS seg 455/4 | twins=904,069,793 | B2_partial≈0.759766275318 | 2.04e9 cand/s | ETA 0.2 min
[2026-02-26 01:16:03] PROGRESS seg 462/4 | twins=916,887,532 | B2_partial≈0.759822188098 | 2.04e9 cand/s | ETA 0.2 min
[2026-02-26 01:16:03] PROGRESS seg 469/4 | twins=929,690,934 | B2_partial≈0.759877198480 | 2.04e9 cand/s | ETA 0.2 min
[2026-02-26 01:16:03] PROGRESS seg 476/4 | twins=942,480,029 | B2_partial≈0.759931333322 | 2.04e9 cand/s | ETA 0.2 min
[2026-02-26 01:16:03] PROGRESS seg 483/4 | twins=955,256,429 | B2_partial≈0.759984624860 | 2.04e9 cand/s | ETA 0.2 min
[2026-02-26 01:16:04] PROGRESS seg 490/4 | twins=968,014,514 | B2_partial≈0.760037074218 | 2.04e9 cand/s | ETA 0.2 min
[2026-02-26 01:16:04] PROGRESS seg 497/4 | twins=980,762,367 | B2_partial≈0.760088738168 | 2.04e9 cand/s | ETA 0.2 min
[2026-02-26 01:16:04] PROGRESS seg 504/4 | twins=993,498,259 | B2_partial≈0.760139631751 | 2.04e9 cand/s | ETA 0.2 min
[2026-02-26 01:16:04] PROGRESS seg 511/4 | twins=1,006,221,142 | B2_partial≈0.760189772082 | 2.04e9 cand/s | ETA 0.2 min
[2026-02-26 01:16:04] PROGRESS seg 518/4 | twins=1,018,933,095 | B2_partial≈0.760239187678 | 2.04e9 cand/s | ETA 0.2 min
[2026-02-26 01:16:04] PROGRESS seg 525/4 | twins=1,031,629,834 | B2_partial≈0.760287881614 | 2.04e9 cand/s | ETA 0.2 min
[2026-02-26 01:16:05] PROGRESS seg 532/4 | twins=1,044,317,382 | B2_partial≈0.760335895805 | 2.04e9 cand/s | ETA 0.2 min
[2026-02-26 01:16:05] PROGRESS seg 539/4 | twins=1,056,989,011 | B2_partial≈0.760383223001 | 2.04e9 cand/s | ETA 0.2 min
[2026-02-26 01:16:05] PROGRESS seg 546/4 | twins=1,069,645,618 | B2_partial≈0.760429883989 | 2.04e9 cand/s | ETA 0.2 min
[2026-02-26 01:16:05] PROGRESS seg 553/4 | twins=1,082,291,255 | B2_partial≈0.760475910649 | 2.04e9 cand/s | ETA 0.2 min
[2026-02-26 01:16:05] PROGRESS seg 560/4 | twins=1,094,929,877 | B2_partial≈0.760521333085 | 2.04e9 cand/s | ETA 0.2 min
[2026-02-26 01:16:05] PROGRESS seg 567/4 | twins=1,107,551,696 | B2_partial≈0.760566131637 | 2.04e9 cand/s | ETA 0.2 min
[2026-02-26 01:16:06] PROGRESS seg 574/4 | twins=1,120,167,198 | B2_partial≈0.760610358402 | 2.04e9 cand/s | ETA 0.2 min
[2026-02-26 01:16:06] PROGRESS seg 581/4 | twins=1,132,769,764 | B2_partial≈0.760654004232 | 2.04e9 cand/s | ETA 0.2 min
[2026-02-26 01:16:06] PROGRESS seg 588/4 | twins=1,145,358,060 | B2_partial≈0.760697078559 | 2.04e9 cand/s | ETA 0.2 min
[2026-02-26 01:16:06] PROGRESS seg 595/4 | twins=1,157,940,194 | B2_partial≈0.760739622241 | 2.04e9 cand/s | ETA 0.2 min
[2026-02-26 01:16:06] PROGRESS seg 602/4 | twins=1,170,507,431 | B2_partial≈0.760781618502 | 2.04e9 cand/s | ETA 0.2 min
[2026-02-26 01:16:07] PROGRESS seg 609/4 | twins=1,183,064,841 | B2_partial≈0.760823096854 | 2.04e9 cand/s | ETA 0.2 min
[2026-02-26 01:16:07] PROGRESS seg 616/4 | twins=1,195,613,224 | B2_partial≈0.760864071634 | 2.04e9 cand/s | ETA 0.2 min
[2026-02-26 01:16:07] PROGRESS seg 623/4 | twins=1,208,150,177 | B2_partial≈0.760904546566 | 2.04e9 cand/s | ETA 0.2 min
[2026-02-26 01:16:07] PROGRESS seg 630/4 | twins=1,220,674,079 | B2_partial≈0.760944527514 | 2.04e9 cand/s | ETA 0.1 min
[2026-02-26 01:16:07] PROGRESS seg 637/4 | twins=1,233,192,343 | B2_partial≈0.760984048913 | 2.04e9 cand/s | ETA 0.1 min
[2026-02-26 01:16:07] PROGRESS seg 644/4 | twins=1,245,696,986 | B2_partial≈0.761023095802 | 2.04e9 cand/s | ETA 0.1 min
[2026-02-26 01:16:08] PROGRESS seg 651/4 | twins=1,258,189,795 | B2_partial≈0.761061684035 | 2.04e9 cand/s | ETA 0.1 min
[2026-02-26 01:16:08] PROGRESS seg 658/4 | twins=1,270,673,096 | B2_partial≈0.761099830512 | 2.04e9 cand/s | ETA 0.1 min
[2026-02-26 01:16:08] PROGRESS seg 665/4 | twins=1,283,151,319 | B2_partial≈0.761137557945 | 2.04e9 cand/s | ETA 0.1 min
[2026-02-26 01:16:08] PROGRESS seg 672/4 | twins=1,295,616,861 | B2_partial≈0.761174852368 | 2.04e9 cand/s | ETA 0.1 min
[2026-02-26 01:16:08] PROGRESS seg 679/4 | twins=1,308,073,436 | B2_partial≈0.761211733747 | 2.04e9 cand/s | ETA 0.1 min
[2026-02-26 01:16:08] PROGRESS seg 686/4 | twins=1,320,522,195 | B2_partial≈0.761248213942 | 2.04e9 cand/s | ETA 0.1 min
[2026-02-26 01:16:09] PROGRESS seg 693/4 | twins=1,332,965,938 | B2_partial≈0.761284309277 | 2.03e9 cand/s | ETA 0.1 min
[2026-02-26 01:16:09] PROGRESS seg 700/4 | twins=1,345,394,366 | B2_partial≈0.761319997794 | 2.03e9 cand/s | ETA 0.1 min
[2026-02-26 01:16:09] PROGRESS seg 707/4 | twins=1,357,817,987 | B2_partial≈0.761355317603 | 2.03e9 cand/s | ETA 0.1 min
[2026-02-26 01:16:09] PROGRESS seg 713/4 | twins=1,368,454,287 | B2_partial≈0.761385279208 | 2.03e9 cand/s | ETA 0.1 min
[2026-02-26 01:16:09] PROGRESS seg 720/4 | twins=1,380,855,686 | B2_partial≈0.761419896095 | 2.03e9 cand/s | ETA 0.1 min
[2026-02-26 01:16:09] PROGRESS seg 727/4 | twins=1,393,248,177 | B2_partial≈0.761454153464 | 2.03e9 cand/s | ETA 0.1 min
[2026-02-26 01:16:10] PROGRESS seg 734/4 | twins=1,405,638,432 | B2_partial≈0.761488076380 | 2.03e9 cand/s | ETA 0.1 min
[2026-02-26 01:16:10] PROGRESS seg 741/4 | twins=1,418,014,183 | B2_partial≈0.761521638017 | 2.03e9 cand/s | ETA 0.1 min
[2026-02-26 01:16:10] PROGRESS seg 748/4 | twins=1,430,381,243 | B2_partial≈0.761554860762 | 2.03e9 cand/s | ETA 0.1 min
[2026-02-26 01:16:10] PROGRESS seg 755/4 | twins=1,442,744,423 | B2_partial≈0.761587763699 | 2.03e9 cand/s | ETA 0.1 min
[2026-02-26 01:16:10] PROGRESS seg 762/4 | twins=1,455,095,580 | B2_partial≈0.761620331263 | 2.03e9 cand/s | ETA 0.1 min
[2026-02-26 01:16:10] PROGRESS seg 769/4 | twins=1,467,437,723 | B2_partial≈0.761652577450 | 2.03e9 cand/s | ETA 0.1 min
[2026-02-26 01:16:11] PROGRESS seg 776/4 | twins=1,479,769,162 | B2_partial≈0.761684503727 | 2.03e9 cand/s | ETA 0.1 min
[2026-02-26 01:16:11] PROGRESS seg 783/4 | twins=1,492,096,609 | B2_partial≈0.761716133080 | 2.03e9 cand/s | ETA 0.1 min
[2026-02-26 01:16:11] PROGRESS seg 790/4 | twins=1,504,415,776 | B2_partial≈0.761747459866 | 2.03e9 cand/s | ETA 0.1 min
[2026-02-26 01:16:11] PROGRESS seg 797/4 | twins=1,516,725,921 | B2_partial≈0.761778487566 | 2.03e9 cand/s | ETA 0.1 min
[2026-02-26 01:16:11] PROGRESS seg 803/4 | twins=1,527,273,971 | B2_partial≈0.761804857806 | 2.03e9 cand/s | ETA 0.1 min
[2026-02-26 01:16:11] PROGRESS seg 810/4 | twins=1,539,573,903 | B2_partial≈0.761835359992 | 2.03e9 cand/s | ETA 0.1 min
[2026-02-26 01:16:12] PROGRESS seg 817/4 | twins=1,551,857,524 | B2_partial≈0.761865559626 | 2.03e9 cand/s | ETA 0.1 min
[2026-02-26 01:16:12] PROGRESS seg 824/4 | twins=1,564,139,789 | B2_partial≈0.761895498323 | 2.03e9 cand/s | ETA 0.1 min
[2026-02-26 01:16:12] PROGRESS seg 831/4 | twins=1,576,412,212 | B2_partial≈0.761925159955 | 2.03e9 cand/s | ETA 0.1 min
[2026-02-26 01:16:12] PROGRESS seg 838/4 | twins=1,588,677,125 | B2_partial≈0.761954554788 | 2.03e9 cand/s | ETA 0.1 min
[2026-02-26 01:16:12] PROGRESS seg 845/4 | twins=1,600,933,569 | B2_partial≈0.761983684977 | 2.03e9 cand/s | ETA 0.1 min
[2026-02-26 01:16:12] PROGRESS seg 852/4 | twins=1,613,183,607 | B2_partial≈0.762012559698 | 2.03e9 cand/s | ETA 0.1 min
[2026-02-26 01:16:13] PROGRESS seg 859/4 | twins=1,625,426,097 | B2_partial≈0.762041180489 | 2.03e9 cand/s | ETA 0.1 min
[2026-02-26 01:16:13] PROGRESS seg 866/4 | twins=1,637,659,885 | B2_partial≈0.762069548888 | 2.03e9 cand/s | ETA 0.1 min
[2026-02-26 01:16:13] PROGRESS seg 873/4 | twins=1,649,889,145 | B2_partial≈0.762097678480 | 2.03e9 cand/s | ETA 0.1 min
[2026-02-26 01:16:13] PROGRESS seg 880/4 | twins=1,662,110,298 | B2_partial≈0.762125564902 | 2.03e9 cand/s | ETA 0.0 min
[2026-02-26 01:16:13] PROGRESS seg 887/4 | twins=1,674,320,980 | B2_partial≈0.762153206689 | 2.03e9 cand/s | ETA 0.0 min
[2026-02-26 01:16:14] PROGRESS seg 894/4 | twins=1,686,531,111 | B2_partial≈0.762180629947 | 2.03e9 cand/s | ETA 0.0 min
[2026-02-26 01:16:14] PROGRESS seg 901/4 | twins=1,698,730,742 | B2_partial≈0.762207815889 | 2.03e9 cand/s | ETA 0.0 min
[2026-02-26 01:16:14] PROGRESS seg 908/4 | twins=1,710,924,907 | B2_partial≈0.762234779361 | 2.03e9 cand/s | ETA 0.0 min
[2026-02-26 01:16:14] PROGRESS seg 915/4 | twins=1,723,112,381 | B2_partial≈0.762261521084 | 2.03e9 cand/s | ETA 0.0 min
[2026-02-26 01:16:14] PROGRESS seg 922/4 | twins=1,735,293,912 | B2_partial≈0.762288046086 | 2.03e9 cand/s | ETA 0.0 min
[2026-02-26 01:16:14] PROGRESS seg 929/4 | twins=1,747,465,688 | B2_partial≈0.762314349359 | 2.03e9 cand/s | ETA 0.0 min
[2026-02-26 01:16:15] PROGRESS seg 936/4 | twins=1,759,629,460 | B2_partial≈0.762340438014 | 2.03e9 cand/s | ETA 0.0 min
[2026-02-26 01:16:15] PROGRESS seg 943/4 | twins=1,771,788,389 | B2_partial≈0.762366321956 | 2.03e9 cand/s | ETA 0.0 min
[2026-02-26 01:16:15] PROGRESS seg 950/4 | twins=1,783,947,951 | B2_partial≈0.762392015821 | 2.03e9 cand/s | ETA 0.0 min
[2026-02-26 01:16:15] PROGRESS seg 957/4 | twins=1,796,095,171 | B2_partial≈0.762417495142 | 2.03e9 cand/s | ETA 0.0 min
[2026-02-26 01:16:15] PROGRESS seg 964/4 | twins=1,808,239,561 | B2_partial≈0.762442782925 | 2.03e9 cand/s | ETA 0.0 min
[2026-02-26 01:16:15] PROGRESS seg 970/4 | twins=1,818,641,098 | B2_partial≈0.762464296002 | 2.03e9 cand/s | ETA 0.0 min
[2026-02-26 01:16:16] PROGRESS seg 977/4 | twins=1,830,771,161 | B2_partial≈0.762489216644 | 2.03e9 cand/s | ETA 0.0 min
[2026-02-26 01:16:16] PROGRESS seg 984/4 | twins=1,842,899,317 | B2_partial≈0.762513955470 | 2.03e9 cand/s | ETA 0.0 min
[2026-02-26 01:16:16] PROGRESS seg 991/4 | twins=1,855,018,615 | B2_partial≈0.762538500996 | 2.03e9 cand/s | ETA 0.0 min
[2026-02-26 01:16:16] PROGRESS seg 998/4 | twins=1,867,124,348 | B2_partial≈0.762562846483 | 2.03e9 cand/s | ETA 0.0 min
[2026-02-26 01:16:16] Done. gpus=1, twins=1,870,585,220
[2026-02-26 01:16:16] Brun partial sum up to 1000000000: 0.73071331361589265
[2026-02-26 01:16:16] Brun partial sum up to 10000000000: 0.74345585869659736
[2026-02-26 01:16:16] Brun partial sum up to 100000000000: 0.75388166693247505
[2026-02-26 01:16:16] Brun partial sum up to 1000000000000: 1.80659241917588265
[2026-02-26 01:16:16] Brun extrapolated  B2* (HL):    1.90216063043772476
[2026-02-26 01:16:16] Accumulation error bound (Kahan + reductions, excludes per-term rounding): <= 1.324e-14
[2026-02-26 01:16:16] Per-term eval error bound (IEEE-754, gamma_5): <= 1.003e-15
[2026-02-26 01:16:16] Elapsed: 24.48s
