Setup

curl https://sh.rustup.rs -sSf | sh
. "$HOME/.cargo/env"
git clone https://github.com/ActiveTK/twincle
cd *
cargo build --release
cargo run --release -- --exp 12
cargo run --release -- --exp 16
cargo run --release -- --exp 17

[2026-02-20 21:41:05] **********************************************************************
[2026-02-20 21:41:05] ** Started: target\release\twincle.exe --benchmark --benchmark-seconds 10 --limit 1000000000000
[2026-02-20 21:41:05] **********************************************************************
[2026-02-20 21:41:06] CPU: 12th Gen Intel(R) Core(TM) i9-12900K [16c24t]
[2026-02-20 21:41:07] RAM: 127.75 GB (102.03 GB available)
[2026-02-20 21:41:07] GPU 0: NVIDIA GeForce RTX 4070 (12.0 GB VRAM)
[2026-02-20 21:41:07] Testing M=30030: 1485 residues, 78497 base primes
[2026-02-20 21:41:19] PROGRESS seg 1/4 | twins=524,374,326 | B2_partial?0.757550730382 | 9.88e8 cand/s | ETA 0.6 min
[2026-02-20 21:41:32] PROGRESS seg 2/4 | twins=993,171,237 | B2_partial?0.760138333812 | 9.83e8 cand/s | ETA 0.4 min
[2026-02-20 21:41:32] Benchmark: M=30030 | 9.62e8 cand/s | 25.91s elapsed
[2026-02-20 21:41:32] Estimate to reach limit 100,000,000,000,000,000: 59.52 days (?5.14e6 s)
[2026-02-20 12:40:22] **********************************************************************
[2026-02-20 12:40:22] ** Started: target/release/twincle --benchmark --benchmark-seconds 10 --limit 1000000000000
[2026-02-20 12:40:22] **********************************************************************
[2026-02-20 12:40:22] CPU: Intel(R) Xeon(R) Gold 6448Y [64c31t]
[2026-02-20 12:40:22] RAM: 503.37 GB (448.04 GB available)
[2026-02-20 12:40:22] GPU 0: NVIDIA H100 80GB HBM3 (79.2 GB VRAM)
[2026-02-20 12:40:22] Testing M=30030: 1485 residues, 78497 base primes
[2026-02-20 12:40:38] PROGRESS seg 1/4 | twins=524,374,326 | B2_partial?0.757550730382 | 7.97e8 cand/s | ETA 0.8 min
[2026-02-20 12:40:52] PROGRESS seg 2/4 | twins=993,171,237 | B2_partial?0.760138333812 | 8.06e8 cand/s | ETA 0.5 min
[2026-02-20 12:40:52] Benchmark: M=30030 | 8.37e8 cand/s | 29.78s elapsed
[2026-02-20 12:40:52] Estimate to reach limit 100,000,000,000,000,000: 68.41 days (?5.91e6 s)